<?xml version="1.0" encoding="UTF-8"?>
<!-- Generated by org.testng.reporters.JUnitXMLReporter -->
<testsuite ignored="0" hostname="rajesh" failures="1" tests="1" name="OpenCart Test" time="30.568" errors="0" timestamp="2023-02-05T15:17:41 IST">
  <testcase classname="testCases.TC_004_DeletCategies" name="Tc_004" time="14.888">
    <failure type="java.lang.AssertionError" message="null">
      <![CDATA[java.lang.AssertionError: null
at testCases.TC_004_DeletCategies.Tc_004(TC_004_DeletCategies.java:30)
at java.base/java.util.ArrayList.forEach(ArrayList.java:1511)
... Removed 29 stack frames]]>
    </failure>
  </testcase> <!-- Tc_004 -->
</testsuite> <!-- OpenCart Test -->
