<?xml version="1.0" encoding="UTF-8"?>
<!-- Generated by org.testng.reporters.JUnitXMLReporter -->
<testsuite ignored="0" hostname="rajesh" failures="1" tests="1" name="OpenCart Test" time="24.24" errors="0" timestamp="2023-02-05T16:54:08 IST">
  <testcase classname="testCases.TC_004_DeletCategies" name="Tc_004" time="12.048">
    <failure type="java.lang.AssertionError" message="null">
      <![CDATA[java.lang.AssertionError: null
at testCases.TC_004_DeletCategies.Tc_004(TC_004_DeletCategies.java:30)
at java.base/java.util.ArrayList.forEach(ArrayList.java:1511)
... Removed 31 stack frames]]>
    </failure>
  </testcase> <!-- Tc_004 -->
</testsuite> <!-- OpenCart Test -->
